2018-01-29T14:28:53,528 [ERROR] (Simulation.java:39) - initialization error from file data.properties
by.kastsiuchenka.kassa.exception.BundleException: java.util.MissingResourceException: Can't find bundle for base name data, locale ru_RU
	at by.kastsiuchenka.kassa.initializer.DataSource.getInstance(DataSource.java:65) ~[task3/:?]
	at by.kastsiuchenka.kassa.simulyator.Simulation.<init>(Simulation.java:37) [task3/:?]
	at by.kastsiuchenka.kassa.simulyator.SimulationRunner.main(SimulationRunner.java:5) [task3/:?]
Caused by: java.util.MissingResourceException: Can't find bundle for base name data, locale ru_RU
	at java.util.ResourceBundle.throwMissingResourceException(ResourceBundle.java:1564) ~[?:1.8.0_74]
	at java.util.ResourceBundle.getBundleImpl(ResourceBundle.java:1387) ~[?:1.8.0_74]
	at java.util.ResourceBundle.getBundle(ResourceBundle.java:773) ~[?:1.8.0_74]
	at by.kastsiuchenka.kassa.initializer.DataSource.<init>(DataSource.java:22) ~[task3/:?]
	at by.kastsiuchenka.kassa.initializer.DataSource.getInstance(DataSource.java:61) ~[task3/:?]
	... 2 more
2018-01-29T14:42:53,972 [ERROR] (Simulation.java:39) - initialization error from file data.properties
by.kastsiuchenka.kassa.exception.BundleException: java.util.MissingResourceException: Can't find bundle for base name data, locale ru_RU
	at by.kastsiuchenka.kassa.initializer.DataSource.getInstance(DataSource.java:65) ~[task3/:?]
	at by.kastsiuchenka.kassa.simulyator.Simulation.<init>(Simulation.java:37) [task3/:?]
	at by.kastsiuchenka.kassa.simulyator.SimulationRunner.main(SimulationRunner.java:5) [task3/:?]
Caused by: java.util.MissingResourceException: Can't find bundle for base name data, locale ru_RU
	at java.util.ResourceBundle.throwMissingResourceException(ResourceBundle.java:1564) ~[?:1.8.0_74]
	at java.util.ResourceBundle.getBundleImpl(ResourceBundle.java:1387) ~[?:1.8.0_74]
	at java.util.ResourceBundle.getBundle(ResourceBundle.java:773) ~[?:1.8.0_74]
	at by.kastsiuchenka.kassa.initializer.DataSource.<init>(DataSource.java:22) ~[task3/:?]
	at by.kastsiuchenka.kassa.initializer.DataSource.getInstance(DataSource.java:61) ~[task3/:?]
	... 2 more
2018-01-29T14:46:05,469 [ERROR] (Simulation.java:39) - initialization error from file data.properties
by.kastsiuchenka.kassa.exception.BundleException: java.util.MissingResourceException: Can't find bundle for base name data, locale ru_RU
	at by.kastsiuchenka.kassa.initializer.DataSource.getInstance(DataSource.java:65) ~[task3/:?]
	at by.kastsiuchenka.kassa.simulyator.Simulation.<init>(Simulation.java:37) [task3/:?]
	at by.kastsiuchenka.kassa.simulyator.SimulationRunner.main(SimulationRunner.java:5) [task3/:?]
Caused by: java.util.MissingResourceException: Can't find bundle for base name data, locale ru_RU
	at java.util.ResourceBundle.throwMissingResourceException(ResourceBundle.java:1564) ~[?:1.8.0_74]
	at java.util.ResourceBundle.getBundleImpl(ResourceBundle.java:1387) ~[?:1.8.0_74]
	at java.util.ResourceBundle.getBundle(ResourceBundle.java:773) ~[?:1.8.0_74]
	at by.kastsiuchenka.kassa.initializer.DataSource.<init>(DataSource.java:22) ~[task3/:?]
	at by.kastsiuchenka.kassa.initializer.DataSource.getInstance(DataSource.java:61) ~[task3/:?]
	... 2 more
2018-01-29T14:46:12,665 [ERROR] (Simulation.java:39) - initialization error from file data.properties
by.kastsiuchenka.kassa.exception.BundleException: java.util.MissingResourceException: Can't find bundle for base name data, locale ru_RU
	at by.kastsiuchenka.kassa.initializer.DataSource.getInstance(DataSource.java:65) ~[task3/:?]
	at by.kastsiuchenka.kassa.simulyator.Simulation.<init>(Simulation.java:37) [task3/:?]
	at by.kastsiuchenka.kassa.simulyator.SimulationRunner.main(SimulationRunner.java:5) [task3/:?]
Caused by: java.util.MissingResourceException: Can't find bundle for base name data, locale ru_RU
	at java.util.ResourceBundle.throwMissingResourceException(ResourceBundle.java:1564) ~[?:1.8.0_74]
	at java.util.ResourceBundle.getBundleImpl(ResourceBundle.java:1387) ~[?:1.8.0_74]
	at java.util.ResourceBundle.getBundle(ResourceBundle.java:773) ~[?:1.8.0_74]
	at by.kastsiuchenka.kassa.initializer.DataSource.<init>(DataSource.java:22) ~[task3/:?]
	at by.kastsiuchenka.kassa.initializer.DataSource.getInstance(DataSource.java:61) ~[task3/:?]
	... 2 more
